[2024-06-24 12:34:20,693] multiqc                                            [DEBUG  ]  This is MultiQC v1.15
[2024-06-24 12:34:20,695] multiqc                                            [DEBUG  ]  Command used: /ihome/crc/install/multiqc/1.19/python3.10/bin/multiqc bowtie2-3357131_0.out.o3357132 bowtie2-3357131_10.out.o3357142 bowtie2-3357131_11.out.o3357143 bowtie2-3357131_12.out.o3357144 bowtie2-3357131_13.out.o3357145 bowtie2-3357131_14.out.o3357131 bowtie2-3357131_1.out.o3357133 bowtie2-3357131_2.out.o3357134 bowtie2-3357131_3.out.o3357135 bowtie2-3357131_4.out.o3357136 bowtie2-3357131_5.out.o3357137 bowtie2-3357131_6.out.o3357138 bowtie2-3357131_7.out.o3357139 bowtie2-3357131_8.out.o3357140 bowtie2-3357131_9.out.o3357141
[2024-06-24 12:34:22,789] multiqc                                            [WARNING]  MultiQC Version v1.22.3 now available!
[2024-06-24 12:34:22,790] multiqc                                            [DEBUG  ]  Working dir : /ix/cigcore/proj/delgoffe/code/Sissi/Delgoffe_ATAC_05_31_2024/bowtie2/multiqc
[2024-06-24 12:34:22,790] multiqc                                            [DEBUG  ]  Template    : default
[2024-06-24 12:34:22,790] multiqc                                            [DEBUG  ]  Running Python 3.10.13 | packaged by conda-forge | (main, Dec 23 2023, 15:36:39) [GCC 12.3.0]
[2024-06-24 12:34:22,790] multiqc                                            [DEBUG  ]  Analysing modules: custom_content, ccs, ngsderive, purple, conpair, lima, peddy, somalier, methylQA, mosdepth, phantompeakqualtools, qualimap, preseq, hifiasm, quast, qorts, rna_seqc, rockhopper, rsem, rseqc, busco, bustools, goleft_indexcov, gffcompare, disambiguate, supernova, deeptools, sargasso, verifybamid, mirtrace, happy, mirtop, sambamba, gopeaks, homer, hops, macs2, theta2, snpeff, gatk, htseq, bcftools, featureCounts, fgbio, dragen, dragen_fastqc, dedup, pbmarkdup, damageprofiler, biobambam2, jcvi, mtnucratio, picard, vep, sentieon, prokka, qc3C, nanostat, samblaster, samtools, sexdeterrmine, eigenstratdatabasetools, bamtools, jellyfish, vcftools, longranger, stacks, varscan2, snippy, umitools, bbmap, bismark, biscuit, diamond, hicexplorer, hicup, hicpro, salmon, kallisto, slamdunk, star, hisat2, tophat, bowtie2, bowtie1, cellranger, snpsplit, odgi, pangolin, nextclade, humid, kat, leehom, librarian, adapterRemoval, bbduk, clipandmerge, cutadapt, flexbar, kaiju, kraken, malt, motus, trimmomatic, sickle, skewer, sortmerna, biobloomtools, fastq_screen, afterqc, fastp, fastqc, filtlong, prinseqplusplus, pychopper, porechop, pycoqc, minionqc, anglerfish, multivcfanalyzer, clusterflow, checkqc, bcl2fastq, bclconvert, interop, ivar, flash, seqyclean, optitype, whatshap
[2024-06-24 12:34:22,790] multiqc                                            [DEBUG  ]  Using temporary directory for creating report: /scratch/slurm-3366241/tmpqrmnn1ct
[2024-06-24 12:34:23,392] multiqc                                            [INFO   ]  Search path : /ix/cigcore/proj/delgoffe/code/Sissi/Delgoffe_ATAC_05_31_2024/bowtie2/multiqc/bowtie2-3357131_0.out.o3357132
[2024-06-24 12:34:23,393] multiqc                                            [INFO   ]  Search path : /ix/cigcore/proj/delgoffe/code/Sissi/Delgoffe_ATAC_05_31_2024/bowtie2/multiqc/bowtie2-3357131_10.out.o3357142
[2024-06-24 12:34:23,393] multiqc                                            [INFO   ]  Search path : /ix/cigcore/proj/delgoffe/code/Sissi/Delgoffe_ATAC_05_31_2024/bowtie2/multiqc/bowtie2-3357131_11.out.o3357143
[2024-06-24 12:34:23,393] multiqc                                            [INFO   ]  Search path : /ix/cigcore/proj/delgoffe/code/Sissi/Delgoffe_ATAC_05_31_2024/bowtie2/multiqc/bowtie2-3357131_12.out.o3357144
[2024-06-24 12:34:23,393] multiqc                                            [INFO   ]  Search path : /ix/cigcore/proj/delgoffe/code/Sissi/Delgoffe_ATAC_05_31_2024/bowtie2/multiqc/bowtie2-3357131_13.out.o3357145
[2024-06-24 12:34:23,393] multiqc                                            [INFO   ]  Search path : /ix/cigcore/proj/delgoffe/code/Sissi/Delgoffe_ATAC_05_31_2024/bowtie2/multiqc/bowtie2-3357131_14.out.o3357131
[2024-06-24 12:34:23,393] multiqc                                            [INFO   ]  Search path : /ix/cigcore/proj/delgoffe/code/Sissi/Delgoffe_ATAC_05_31_2024/bowtie2/multiqc/bowtie2-3357131_1.out.o3357133
[2024-06-24 12:34:23,393] multiqc                                            [INFO   ]  Search path : /ix/cigcore/proj/delgoffe/code/Sissi/Delgoffe_ATAC_05_31_2024/bowtie2/multiqc/bowtie2-3357131_2.out.o3357134
[2024-06-24 12:34:23,393] multiqc                                            [INFO   ]  Search path : /ix/cigcore/proj/delgoffe/code/Sissi/Delgoffe_ATAC_05_31_2024/bowtie2/multiqc/bowtie2-3357131_3.out.o3357135
[2024-06-24 12:34:23,393] multiqc                                            [INFO   ]  Search path : /ix/cigcore/proj/delgoffe/code/Sissi/Delgoffe_ATAC_05_31_2024/bowtie2/multiqc/bowtie2-3357131_4.out.o3357136
[2024-06-24 12:34:23,393] multiqc                                            [INFO   ]  Search path : /ix/cigcore/proj/delgoffe/code/Sissi/Delgoffe_ATAC_05_31_2024/bowtie2/multiqc/bowtie2-3357131_5.out.o3357137
[2024-06-24 12:34:23,393] multiqc                                            [INFO   ]  Search path : /ix/cigcore/proj/delgoffe/code/Sissi/Delgoffe_ATAC_05_31_2024/bowtie2/multiqc/bowtie2-3357131_6.out.o3357138
[2024-06-24 12:34:23,393] multiqc                                            [INFO   ]  Search path : /ix/cigcore/proj/delgoffe/code/Sissi/Delgoffe_ATAC_05_31_2024/bowtie2/multiqc/bowtie2-3357131_7.out.o3357139
[2024-06-24 12:34:23,393] multiqc                                            [INFO   ]  Search path : /ix/cigcore/proj/delgoffe/code/Sissi/Delgoffe_ATAC_05_31_2024/bowtie2/multiqc/bowtie2-3357131_8.out.o3357140
[2024-06-24 12:34:23,393] multiqc                                            [INFO   ]  Search path : /ix/cigcore/proj/delgoffe/code/Sissi/Delgoffe_ATAC_05_31_2024/bowtie2/multiqc/bowtie2-3357131_9.out.o3357141
[2024-06-24 12:34:24,253] multiqc                                            [DEBUG  ]  Summary of files that were skipped by the search: []
[2024-06-24 12:34:30,358] multiqc.plots.bargraph                             [DEBUG  ]  Using matplotlib version 3.8.2
[2024-06-24 12:34:30,398] multiqc.plots.linegraph                            [DEBUG  ]  Using matplotlib version 3.8.2
[2024-06-24 12:34:30,416] multiqc                                            [DEBUG  ]  No samples found: custom_content
[2024-06-24 12:34:30,506] multiqc.modules.bowtie2.bowtie2                    [INFO   ]  Found 15 reports
[2024-06-24 12:34:30,513] multiqc                                            [DEBUG  ]  Compressing plot data
[2024-06-24 12:34:30,516] multiqc                                            [INFO   ]  Report      : multiqc_report.html
[2024-06-24 12:34:30,516] multiqc                                            [INFO   ]  Data        : multiqc_data
[2024-06-24 12:34:30,516] multiqc                                            [DEBUG  ]  Moving data file from '/scratch/slurm-3366241/tmpqrmnn1ct/multiqc_data' to '/ix/cigcore/proj/delgoffe/code/Sissi/Delgoffe_ATAC_05_31_2024/bowtie2/multiqc/multiqc_data'
[2024-06-24 12:34:31,141] multiqc                                            [INFO   ]  MultiQC complete
