[2024-06-24 12:35:27,504] multiqc                                            [DEBUG  ]  This is MultiQC v1.19
[2024-06-24 12:35:27,514] multiqc                                            [DEBUG  ]  Command used: /ihome/crc/install/multiqc/1.19/python3.10/bin/multiqc bowtie2-3357131_0.out.o3357132 bowtie2-3357131_10.out.o3357142 bowtie2-3357131_11.out.o3357143 bowtie2-3357131_12.out.o3357144 bowtie2-3357131_13.out.o3357145 bowtie2-3357131_14.out.o3357131 bowtie2-3357131_1.out.o3357133 bowtie2-3357131_2.out.o3357134 bowtie2-3357131_3.out.o3357135 bowtie2-3357131_4.out.o3357136 bowtie2-3357131_5.out.o3357137 bowtie2-3357131_6.out.o3357138 bowtie2-3357131_7.out.o3357139 bowtie2-3357131_8.out.o3357140 bowtie2-3357131_9.out.o3357141 multiqc_data multiqc_report.html
[2024-06-24 12:35:28,896] multiqc                                            [WARNING]  MultiQC Version v1.22.3 now available!
[2024-06-24 12:35:28,897] multiqc                                            [DEBUG  ]  Working dir : /ix/cigcore/proj/delgoffe/code/Sissi/Delgoffe_ATAC_05_31_2024/bowtie2/multiqc
[2024-06-24 12:35:28,897] multiqc                                            [DEBUG  ]  Template    : default
[2024-06-24 12:35:28,897] multiqc                                            [DEBUG  ]  Running Python 3.10.13 | packaged by conda-forge | (main, Dec 23 2023, 15:36:39) [GCC 12.3.0]
[2024-06-24 12:35:28,897] multiqc                                            [DEBUG  ]  Analysing modules: custom_content, ccs, ngsderive, purple, conpair, lima, peddy, somalier, methylQA, mosdepth, phantompeakqualtools, qualimap, preseq, hifiasm, quast, qorts, rna_seqc, rockhopper, rsem, rseqc, busco, bustools, goleft_indexcov, gffcompare, disambiguate, supernova, deeptools, sargasso, verifybamid, mirtrace, happy, mirtop, sambamba, gopeaks, homer, hops, macs2, theta2, snpeff, gatk, htseq, bcftools, featureCounts, fgbio, dragen, dragen_fastqc, dedup, pbmarkdup, damageprofiler, mapdamage, biobambam2, jcvi, mtnucratio, picard, vep, bakta, prokka, qc3C, nanostat, samblaster, samtools, sexdeterrmine, seqera_cli, eigenstratdatabasetools, bamtools, jellyfish, vcftools, longranger, stacks, varscan2, snippy, umitools, truvari, bbmap, bismark, biscuit, diamond, hicexplorer, hicup, hicpro, salmon, kallisto, slamdunk, star, hisat2, tophat, bowtie2, bowtie1, cellranger, snpsplit, odgi, pangolin, nextclade, freyja, humid, kat, leehom, librarian, adapterRemoval, bbduk, clipandmerge, cutadapt, flexbar, sourmash, kaiju, bracken, kraken, malt, motus, trimmomatic, sickle, skewer, sortmerna, biobloomtools, fastq_screen, afterqc, fastp, fastqc, filtlong, prinseqplusplus, pychopper, porechop, pycoqc, minionqc, anglerfish, multivcfanalyzer, clusterflow, checkqc, bcl2fastq, bclconvert, interop, ivar, flash, seqyclean, optitype, whatshap, xenome, xengsort
[2024-06-24 12:35:28,897] multiqc                                            [DEBUG  ]  Using temporary directory for creating report: /scratch/slurm-3366229/tmpnlfuw8kt
[2024-06-24 12:35:29,009] multiqc                                            [INFO   ]  Search path : /ix/cigcore/proj/delgoffe/code/Sissi/Delgoffe_ATAC_05_31_2024/bowtie2/multiqc/bowtie2-3357131_0.out.o3357132
[2024-06-24 12:35:29,009] multiqc                                            [INFO   ]  Search path : /ix/cigcore/proj/delgoffe/code/Sissi/Delgoffe_ATAC_05_31_2024/bowtie2/multiqc/bowtie2-3357131_10.out.o3357142
[2024-06-24 12:35:29,009] multiqc                                            [INFO   ]  Search path : /ix/cigcore/proj/delgoffe/code/Sissi/Delgoffe_ATAC_05_31_2024/bowtie2/multiqc/bowtie2-3357131_11.out.o3357143
[2024-06-24 12:35:29,010] multiqc                                            [INFO   ]  Search path : /ix/cigcore/proj/delgoffe/code/Sissi/Delgoffe_ATAC_05_31_2024/bowtie2/multiqc/bowtie2-3357131_12.out.o3357144
[2024-06-24 12:35:29,010] multiqc                                            [INFO   ]  Search path : /ix/cigcore/proj/delgoffe/code/Sissi/Delgoffe_ATAC_05_31_2024/bowtie2/multiqc/bowtie2-3357131_13.out.o3357145
[2024-06-24 12:35:29,010] multiqc                                            [INFO   ]  Search path : /ix/cigcore/proj/delgoffe/code/Sissi/Delgoffe_ATAC_05_31_2024/bowtie2/multiqc/bowtie2-3357131_14.out.o3357131
[2024-06-24 12:35:29,010] multiqc                                            [INFO   ]  Search path : /ix/cigcore/proj/delgoffe/code/Sissi/Delgoffe_ATAC_05_31_2024/bowtie2/multiqc/bowtie2-3357131_1.out.o3357133
[2024-06-24 12:35:29,010] multiqc                                            [INFO   ]  Search path : /ix/cigcore/proj/delgoffe/code/Sissi/Delgoffe_ATAC_05_31_2024/bowtie2/multiqc/bowtie2-3357131_2.out.o3357134
[2024-06-24 12:35:29,010] multiqc                                            [INFO   ]  Search path : /ix/cigcore/proj/delgoffe/code/Sissi/Delgoffe_ATAC_05_31_2024/bowtie2/multiqc/bowtie2-3357131_3.out.o3357135
[2024-06-24 12:35:29,010] multiqc                                            [INFO   ]  Search path : /ix/cigcore/proj/delgoffe/code/Sissi/Delgoffe_ATAC_05_31_2024/bowtie2/multiqc/bowtie2-3357131_4.out.o3357136
[2024-06-24 12:35:29,010] multiqc                                            [INFO   ]  Search path : /ix/cigcore/proj/delgoffe/code/Sissi/Delgoffe_ATAC_05_31_2024/bowtie2/multiqc/bowtie2-3357131_5.out.o3357137
[2024-06-24 12:35:29,010] multiqc                                            [INFO   ]  Search path : /ix/cigcore/proj/delgoffe/code/Sissi/Delgoffe_ATAC_05_31_2024/bowtie2/multiqc/bowtie2-3357131_6.out.o3357138
[2024-06-24 12:35:29,010] multiqc                                            [INFO   ]  Search path : /ix/cigcore/proj/delgoffe/code/Sissi/Delgoffe_ATAC_05_31_2024/bowtie2/multiqc/bowtie2-3357131_7.out.o3357139
[2024-06-24 12:35:29,010] multiqc                                            [INFO   ]  Search path : /ix/cigcore/proj/delgoffe/code/Sissi/Delgoffe_ATAC_05_31_2024/bowtie2/multiqc/bowtie2-3357131_8.out.o3357140
[2024-06-24 12:35:29,010] multiqc                                            [INFO   ]  Search path : /ix/cigcore/proj/delgoffe/code/Sissi/Delgoffe_ATAC_05_31_2024/bowtie2/multiqc/bowtie2-3357131_9.out.o3357141
[2024-06-24 12:35:29,010] multiqc                                            [INFO   ]  Search path : /ix/cigcore/proj/delgoffe/code/Sissi/Delgoffe_ATAC_05_31_2024/bowtie2/multiqc/multiqc_data
[2024-06-24 12:35:29,010] multiqc                                            [INFO   ]  Search path : /ix/cigcore/proj/delgoffe/code/Sissi/Delgoffe_ATAC_05_31_2024/bowtie2/multiqc/multiqc_report.html
[2024-06-24 12:35:29,120] multiqc                                            [DEBUG  ]  Summary of files that were skipped by the search: [skipped_module_specific_max_filesize: 15] // [skipped_no_match: 1] // [skipped_directory_fn_ignore_dirs: 1]
[2024-06-24 12:35:30,234] multiqc.plots.bargraph                             [DEBUG  ]  Using matplotlib version 3.8.2
[2024-06-24 12:35:30,257] multiqc.plots.linegraph                            [DEBUG  ]  Using matplotlib version 3.8.2
[2024-06-24 12:35:30,285] multiqc                                            [DEBUG  ]  No samples found: custom_content
[2024-06-24 12:35:30,352] multiqc.modules.bowtie2.bowtie2                    [INFO   ]  Found 15 reports
[2024-06-24 12:35:30,356] multiqc.utils.software_versions                    [DEBUG  ]  Reading software versions from config.software_versions
[2024-06-24 12:35:30,358] multiqc                                            [DEBUG  ]  Compressing plot data
[2024-06-24 12:35:30,364] multiqc                                            [INFO   ]  Existing reports found, adding suffix to filenames. Use '--force' to overwrite.
[2024-06-24 12:35:30,364] multiqc                                            [INFO   ]  Report      : multiqc_report_1.html
[2024-06-24 12:35:30,364] multiqc                                            [INFO   ]  Data        : multiqc_data_1
[2024-06-24 12:35:30,364] multiqc                                            [DEBUG  ]  Moving data file from '/scratch/slurm-3366229/tmpnlfuw8kt/multiqc_data' to '/ix/cigcore/proj/delgoffe/code/Sissi/Delgoffe_ATAC_05_31_2024/bowtie2/multiqc/multiqc_data_1'
[2024-06-24 12:35:30,369] multiqc                                            [DEBUG  ]  Full report path: /ix/cigcore/proj/delgoffe/code/Sissi/Delgoffe_ATAC_05_31_2024/bowtie2/multiqc/multiqc_report_1.html
[2024-06-24 12:35:31,086] multiqc                                            [INFO   ]  MultiQC complete
